<?xml version="1.0" encoding="UTF-8"?>
<!-- Generated by org.testng.reporters.JUnitReportReporter -->
<testsuite hostname="CBT-017" name="mypackage1.DemoB" tests="1" failures="0" timestamp="7 Aug 2016 10:23:40 GMT" time="13.968" errors="0">
  <testcase name="testA" time="13.968" classname="mypackage1.DemoB"/>
</testsuite> <!-- mypackage1.DemoB -->
